<?xml version="1.0" encoding="UTF-8"?>
<testng-results ignored="0" total="2" passed="2" failed="0" skipped="0">
  <reporter-output>
  </reporter-output>
  <suite started-at="2021-08-05T10:27:08Z" name="Default suite" finished-at="2021-08-05T10:27:33Z" duration-ms="24065">
    <groups>
    </groups>
    <test started-at="2021-08-05T10:27:08Z" name="Default test" finished-at="2021-08-05T10:27:33Z" duration-ms="24065">
      <class name="org.testscript.TestScript">
        <test-method is-config="true" signature="start()[pri:0, instance:org.testscript.TestScript@c7045b9]" started-at="2021-08-05T10:27:08Z" name="start" finished-at="2021-08-05T10:27:31Z" duration-ms="22722" status="PASS">
          <reporter-output>
          </reporter-output>
        </test-method> <!-- start -->
        <test-method signature="findShoe()[pri:0, instance:org.testscript.TestScript@c7045b9]" started-at="2021-08-05T10:27:31Z" name="findShoe" finished-at="2021-08-05T10:27:31Z" duration-ms="5" status="PASS">
          <reporter-output>
          </reporter-output>
        </test-method> <!-- findShoe -->
        <test-method signature="findSunglasses()[pri:1, instance:org.testscript.TestScript@c7045b9]" started-at="2021-08-05T10:27:31Z" name="findSunglasses" finished-at="2021-08-05T10:27:31Z" duration-ms="3" status="PASS">
          <reporter-output>
          </reporter-output>
        </test-method> <!-- findSunglasses -->
        <test-method is-config="true" signature="end()[pri:0, instance:org.testscript.TestScript@c7045b9]" started-at="2021-08-05T10:27:31Z" name="end" finished-at="2021-08-05T10:27:33Z" duration-ms="1089" status="PASS">
          <reporter-output>
          </reporter-output>
        </test-method> <!-- end -->
      </class> <!-- org.testscript.TestScript -->
    </test> <!-- Default test -->
  </suite> <!-- Default suite -->
</testng-results>
